<?xml version="1.0" encoding="UTF-8"?>
<testng-results ignored="0" total="1" passed="1" failed="0" skipped="0">
  <reporter-output>
  </reporter-output>
  <suite started-at="2024-03-01T00:22:03 IST" name="Default suite" finished-at="2024-03-01T00:22:14 IST" duration-ms="11262">
    <groups>
    </groups>
    <test started-at="2024-03-01T00:22:03 IST" name="Default test" finished-at="2024-03-01T00:22:14 IST" duration-ms="11262">
      <class name="OrangeHRM.Pratice.emergencycontact">
        <test-method is-config="true" signature="setup()[pri:0, instance:OrangeHRM.Pratice.emergencycontact@436813f3]" started-at="2024-03-01T00:22:03 IST" name="setup" finished-at="2024-03-01T00:22:04 IST" duration-ms="1386" status="PASS">
          <reporter-output>
          </reporter-output>
        </test-method> <!-- setup -->
        <test-method signature="LOGIN()[pri:0, instance:OrangeHRM.Pratice.emergencycontact@436813f3]" started-at="2024-03-01T00:22:04 IST" name="LOGIN" finished-at="2024-03-01T00:22:09 IST" duration-ms="5118" status="PASS">
          <reporter-output>
          </reporter-output>
        </test-method> <!-- LOGIN -->
        <test-method is-config="true" signature="addemergency()[pri:0, instance:OrangeHRM.Pratice.emergencycontact@436813f3]" started-at="2024-03-01T00:22:09 IST" name="addemergency" finished-at="2024-03-01T00:22:14 IST" duration-ms="4724" status="PASS">
          <reporter-output>
          </reporter-output>
        </test-method> <!-- addemergency -->
      </class> <!-- OrangeHRM.Pratice.emergencycontact -->
    </test> <!-- Default test -->
  </suite> <!-- Default suite -->
</testng-results>
